[18:08:59.455][info] [#0:C:/Users/ven/AppData/Local/nvim/mason-tools/packages/lua-language-server\main.lua:68]: Lua Lsp startup, root: 	C:/Users/ven/AppData/Local/nvim/mason-tools/packages/lua-language-server
[18:08:59.456][info] [#0:C:/Users/ven/AppData/Local/nvim/mason-tools/packages/lua-language-server\main.lua:69]: ROOT:	C:/Users/ven/AppData/Local/nvim/mason-tools/packages/lua-language-server
[18:08:59.456][info] [#0:C:/Users/ven/AppData/Local/nvim/mason-tools/packages/lua-language-server\main.lua:70]: LOGPATH:	C:/Users/ven/AppData/Local/nvim/mason-tools/packages/lua-language-server/log
[18:08:59.456][info] [#0:C:/Users/ven/AppData/Local/nvim/mason-tools/packages/lua-language-server\main.lua:71]: METAPATH:	C:/Users/ven/AppData/Local/nvim/mason-tools/packages/lua-language-server/meta
[18:08:59.456][info] [#0:C:/Users/ven/AppData/Local/nvim/mason-tools/packages/lua-language-server\main.lua:72]: VERSION:	3.15.0
[18:08:59.508][info] [#0:script\proto\proto.lua:260]: Listen Mode: stdio
[18:08:59.508][info] [#0:script\service\service.lua:145]: 
========= Medical Examination Report =========
    --------------- Memory ---------------
        Total: 2.265 MB
        # 00 : 2.265 MB
        # 01 : 0.000 MB
        # 02 : 0.000 MB
        # 03 : 0.000 MB
        # 04 : 0.000 MB
    --------------- Coroutine ---------------
        Total:     0
        Running:   0
        Suspended: 0
        Normal:    0
        Dead:      0
    --------------- Cache ---------------
        Total: 1
        Dead:  0
    ---------------  RPC  ---------------
        Holdon:   0
        Waiting:  0
==============================================
[18:08:59.621][info] [#0:script\client.lua:657]: Client init	{
  capabilities = {
    general = {
      positionEncodings = { "utf-8", "utf-16", "utf-32" }
    },
    textDocument = {
      callHierarchy = {
        dynamicRegistration = false
      },
      codeAction = {
        codeActionLiteralSupport = {
          codeActionKind = {
            valueSet = { "", "quickfix", "refactor", "refactor.extract", "refactor.inline", "refactor.rewrite", "source", "source.organizeImports" }
          }
        },
        dataSupport = true,
        dynamicRegistration = true,
        isPreferredSupport = true,
        resolveSupport = {
          properties = { "edit", "command" }
        }
      },
      codeLens = {
        dynamicRegistration = false,
        resolveSupport = {
          properties = { "command" }
        }
      },
      completion = {
        completionItem = {
          commitCharactersSupport = true,
          deprecatedSupport = true,
          documentationFormat = { "markdown", "plaintext" },
          insertReplaceSupport = true,
          insertTextModeSupport = {
            valueSet = { 1, 2 }
          },
          labelDetailsSupport = true,
          preselectSupport = true,
          resolveSupport = {
            properties = { "documentation", "additionalTextEdits", "insertTextFormat", "insertTextMode", "command" }
          },
          snippetSupport = true,
          tagSupport = {
            valueSet = { 1 }
          }
        },
        completionItemKind = {
          valueSet = { 1, 2, 3, 4, 5, 6, 7, 8, 9, 10, 11, 12, 13, 14, 15, 16, 17, 18, 19, 20, 21, 22, 23, 24, 25 }
        },
        completionList = {
          itemDefaults = { "commitCharacters", "editRange", "insertTextFormat", "insertTextMode", "data" }
        },
        contextSupport = true,
        dynamicRegistration = false,
        insertTextMode = 1
      },
      declaration = {
        linkSupport = true
      },
      definition = {
        dynamicRegistration = true,
        linkSupport = true
      },
      diagnostic = {
        dynamicRegistration = false,
        tagSupport = {
          valueSet = { 1, 2 }
        }
      },
      documentHighlight = {
        dynamicRegistration = false
      },
      documentSymbol = {
        dynamicRegistration = false,
        hierarchicalDocumentSymbolSupport = true,
        symbolKind = {
          valueSet = { 1, 2, 3, 4, 5, 6, 7, 8, 9, 10, 11, 12, 13, 14, 15, 16, 17, 18, 19, 20, 21, 22, 23, 24, 25, 26 }
        }
      },
      foldingRange = {
        dynamicRegistration = false,
        foldingRange = {
          collapsedText = true
        },
        foldingRangeKind = {
          valueSet = { "comment", "imports", "region" }
        },
        lineFoldingOnly = true
      },
      formatting = {
        dynamicRegistration = true
      },
      hover = {
        contentFormat = { "markdown", "plaintext" },
        dynamicRegistration = true
      },
      implementation = {
        linkSupport = true
      },
      inlayHint = {
        dynamicRegistration = true,
        resolveSupport = {
          properties = { "textEdits", "tooltip", "location", "command" }
        }
      },
      publishDiagnostics = {
        dataSupport = true,
        relatedInformation = true,
        tagSupport = {
          valueSet = { 1, 2 }
        }
      },
      rangeFormatting = {
        dynamicRegistration = true,
        rangesSupport = true
      },
      references = {
        dynamicRegistration = false
      },
      rename = {
        dynamicRegistration = true,
        prepareSupport = true
      },
      semanticTokens = {
        augmentsSyntaxTokens = true,
        dynamicRegistration = false,
        formats = { "relative" },
        multilineTokenSupport = false,
        overlappingTokenSupport = true,
        requests = {
          full = {
            delta = true
          },
          range = false
        },
        serverCancelSupport = false,
        tokenModifiers = { "declaration", "definition", "readonly", "static", "deprecated", "abstract", "async", "modification", "documentation", "defaultLibrary" },
        tokenTypes = { "namespace", "type", "class", "enum", "interface", "struct", "typeParameter", "parameter", "variable", "property", "enumMember", "event", "function", "method", "macro", "keyword", "modifier", "comment", "string", "number", "regexp", "operator", "decorator" }
      },
      signatureHelp = {
        dynamicRegistration = false,
        signatureInformation = {
          activeParameterSupport = true,
          documentationFormat = { "markdown", "plaintext" },
          parameterInformation = {
            labelOffsetSupport = true
          }
        }
      },
      synchronization = {
        didSave = true,
        dynamicRegistration = false,
        willSave = true,
        willSaveWaitUntil = true
      },
      typeDefinition = {
        linkSupport = true
      }
    },
    window = {
      showDocument = {
        support = true
      },
      showMessage = {
        messageActionItem = {
          additionalPropertiesSupport = true
        }
      },
      workDoneProgress = true
    },
    workspace = {
      applyEdit = true,
      configuration = true,
      didChangeConfiguration = {
        dynamicRegistration = false
      },
      didChangeWatchedFiles = {
        dynamicRegistration = true,
        relativePatternSupport = true
      },
      inlayHint = {
        refreshSupport = true
      },
      semanticTokens = {
        refreshSupport = true
      },
      symbol = {
        dynamicRegistration = false,
        symbolKind = {
          valueSet = { 1, 2, 3, 4, 5, 6, 7, 8, 9, 10, 11, 12, 13, 14, 15, 16, 17, 18, 19, 20, 21, 22, 23, 24, 25, 26 }
        }
      },
      workspaceEdit = {
        resourceOperations = { "rename", "create", "delete" }
      },
      workspaceFolders = true
    }
  },
  clientInfo = {
    name = "Neovim",
    version = "0.11.4+gcec0ecabd8"
  },
  initializationOptions = {},
  processId = 3004,
  trace = "off",
  workDoneToken = "1"
}
[18:08:59.622][info] [#0:script\language.lua:137]: VSC language: nil
[18:08:59.622][info] [#0:script\language.lua:138]: LS  language: en-us
[18:08:59.854][info] [#0:script\workspace\workspace.lua:48]: Workspace create: 	file:///c%3A/Users/ven/AppData/Local/nvim/lua/bendyl/plugins
[18:08:59.855][info] [#0:script\provider\provider.lua:65]: Load config from client	fallback
[18:08:59.856][info] [#0:script\provider\provider.lua:66]: {
  Lua = {
    diagnostics = {
      globals = { "vim" }
    },
    telemetry = {
      enable = false
    },
    workspace = {
      checkThirdParty = false
    }
  }
}
[18:08:59.856][info] [#0:script\provider\provider.lua:65]: Load config from client	fallback
[18:08:59.856][info] [#0:script\provider\provider.lua:66]: {
  Lua = {
    diagnostics = {
      globals = { "vim" }
    },
    telemetry = {
      enable = false
    },
    workspace = {
      checkThirdParty = false
    }
  }
}
[18:08:59.856][info] [#0:script\provider\provider.lua:49]: Load config from client	file:///c%3A/Users/ven/AppData/Local/nvim/lua/bendyl/plugins
[18:08:59.856][info] [#0:script\provider\provider.lua:50]: {
  Lua = {
    diagnostics = {
      globals = { "vim" }
    },
    telemetry = {
      enable = false
    },
    workspace = {
      checkThirdParty = false
    }
  }
}
[18:08:59.857][info] [#0:script\provider\provider.lua:65]: Load config from client	fallback
[18:08:59.857][info] [#0:script\provider\provider.lua:66]: {
  Lua = {
    diagnostics = {
      globals = { "vim" }
    },
    telemetry = {
      enable = false
    },
    workspace = {
      checkThirdParty = false
    }
  }
}
[18:08:59.996][info] [#0:script\library.lua:212]: Init builtin library at:	nil
[18:09:00.044][info] [#0:script\library.lua:212]: Init builtin library at:	file:///c%3A/Users/ven/AppData/Local/nvim/lua/bendyl/plugins
[18:09:00.081][info] [#0:script\workspace\workspace.lua:330]: Preload start:	<fallback>
[18:09:00.086][info] [#0:script\workspace\workspace.lua:359]: Scan library at:	file:///c%3A/Users/ven/AppData/Local/nvim/mason-tools/packages/lua-language-server/meta/Lua%205.4%20en-us%20utf8/os.lua
[18:09:00.087][info] [#0:script\workspace\workspace.lua:330]: Preload start:	file:///c%3A/Users/ven/AppData/Local/nvim/lua/bendyl/plugins
[18:09:00.089][info] [#0:script\workspace\workspace.lua:336]: Scan files at:	file:///c%3A/Users/ven/AppData/Local/nvim/lua/bendyl/plugins
[18:09:00.090][info] [#0:script\workspace\workspace.lua:359]: Scan library at:	file:///c%3A/Users/ven/AppData/Local/nvim/mason-tools/packages/lua-language-server/meta/Lua%205.4%20en-us%20utf8/package.lua
[18:09:00.091][info] [#0:script\workspace\workspace.lua:359]: Scan library at:	file:///c%3A/Users/ven/AppData/Local/nvim/mason-tools/packages/lua-language-server/meta/Lua%205.4%20en-us%20utf8/basic.lua
[18:09:00.091][info] [#0:script\workspace\workspace.lua:359]: Scan library at:	file:///c%3A/Users/ven/AppData/Local/nvim/mason-tools/packages/lua-language-server/meta/Lua%205.4%20en-us%20utf8/builtin.lua
[18:09:00.092][info] [#0:script\workspace\workspace.lua:359]: Scan library at:	file:///c%3A/Users/ven/AppData/Local/nvim/mason-tools/packages/lua-language-server/meta/Lua%205.4%20en-us%20utf8/io.lua
[18:09:00.092][info] [#0:script\workspace\workspace.lua:359]: Scan library at:	file:///c%3A/Users/ven/AppData/Local/nvim/mason-tools/packages/lua-language-server/meta/Lua%205.4%20en-us%20utf8/utf8.lua
[18:09:00.093][info] [#0:script\workspace\workspace.lua:359]: Scan library at:	file:///c%3A/Users/ven/AppData/Local/nvim/mason-tools/packages/lua-language-server/meta/Lua%205.4%20en-us%20utf8/string.lua
[18:09:00.094][info] [#0:script\workspace\workspace.lua:359]: Scan library at:	file:///c%3A/Users/ven/AppData/Local/nvim/mason-tools/packages/lua-language-server/meta/Lua%205.4%20en-us%20utf8/coroutine.lua
[18:09:00.094][info] [#0:script\workspace\workspace.lua:359]: Scan library at:	file:///c%3A/Users/ven/AppData/Local/nvim/mason-tools/packages/lua-language-server/meta/Lua%205.4%20en-us%20utf8/math.lua
[18:09:00.094][info] [#0:script\workspace\workspace.lua:359]: Scan library at:	file:///c%3A/Users/ven/AppData/Local/nvim/mason-tools/packages/lua-language-server/meta/Lua%205.4%20en-us%20utf8/os.lua
[18:09:00.095][info] [#0:script\workspace\workspace.lua:359]: Scan library at:	file:///c%3A/Users/ven/AppData/Local/nvim/mason-tools/packages/lua-language-server/meta/Lua%205.4%20en-us%20utf8/table.lua
[18:09:00.095][info] [#0:script\workspace\workspace.lua:359]: Scan library at:	file:///c%3A/Users/ven/AppData/Local/nvim/mason-tools/packages/lua-language-server/meta/Lua%205.4%20en-us%20utf8/package.lua
[18:09:00.095][info] [#0:script\workspace\workspace.lua:359]: Scan library at:	file:///c%3A/Users/ven/AppData/Local/nvim/mason-tools/packages/lua-language-server/meta/Lua%205.4%20en-us%20utf8/debug.lua
[18:09:00.096][info] [#0:script\workspace\workspace.lua:359]: Scan library at:	file:///c%3A/Users/ven/AppData/Local/nvim/mason-tools/packages/lua-language-server/meta/Lua%205.4%20en-us%20utf8/basic.lua
[18:09:00.096][info] [#0:script\workspace\workspace.lua:359]: Scan library at:	file:///c%3A/Users/ven/AppData/Local/nvim/mason-tools/packages/lua-language-server/meta/Lua%205.4%20en-us%20utf8/builtin.lua
[18:09:00.096][info] [#0:script\workspace\workspace.lua:359]: Scan library at:	file:///c%3A/Users/ven/AppData/Local/nvim/mason-tools/packages/lua-language-server/meta/Lua%205.4%20en-us%20utf8/io.lua
[18:09:00.097][info] [#0:script\workspace\workspace.lua:359]: Scan library at:	file:///c%3A/Users/ven/AppData/Local/nvim/mason-tools/packages/lua-language-server/meta/Lua%205.4%20en-us%20utf8/utf8.lua
[18:09:00.097][info] [#0:script\workspace\workspace.lua:359]: Scan library at:	file:///c%3A/Users/ven/AppData/Local/nvim/mason-tools/packages/lua-language-server/meta/Lua%205.4%20en-us%20utf8/string.lua
[18:09:00.098][info] [#0:script\workspace\workspace.lua:359]: Scan library at:	file:///c%3A/Users/ven/AppData/Local/nvim/mason-tools/packages/lua-language-server/meta/Lua%205.4%20en-us%20utf8/coroutine.lua
[18:09:00.098][info] [#0:script\workspace\workspace.lua:359]: Scan library at:	file:///c%3A/Users/ven/AppData/Local/nvim/mason-tools/packages/lua-language-server/meta/Lua%205.4%20en-us%20utf8/math.lua
[18:09:00.098][info] [#0:script\workspace\workspace.lua:359]: Scan library at:	file:///c%3A/Users/ven/AppData/Local/nvim/mason-tools/packages/lua-language-server/meta/Lua%205.4%20en-us%20utf8/table.lua
[18:09:00.099][info] [#0:script\workspace\workspace.lua:359]: Scan library at:	file:///c%3A/Users/ven/AppData/Local/nvim/mason-tools/packages/lua-language-server/meta/Lua%205.4%20en-us%20utf8/debug.lua
[18:09:00.211][info] [#0:script\workspace\workspace.lua:385]: Found 11 files at:	<fallback>
[18:09:00.211][info] [#0:script\workspace\loading.lua:160]: Load files from disk:	<fallback>
[18:09:00.211][info] [#0:script\workspace\workspace.lua:385]: Found 19 files at:	file:///c%3A/Users/ven/AppData/Local/nvim/lua/bendyl/plugins
[18:09:00.211][info] [#0:script\workspace\loading.lua:160]: Load files from disk:	file:///c%3A/Users/ven/AppData/Local/nvim/lua/bendyl/plugins
[18:09:00.212][info] [#0:script\workspace\loading.lua:88]: Skip loaded file: file:///c%3A/Users/ven/AppData/Local/nvim/lua/bendyl/plugins/nvim-lspconfig.lua
[18:09:00.327][info] [#0:script\workspace\loading.lua:100]: Preload file at: file:///c%3A/Users/ven/AppData/Local/nvim/mason-tools/packages/lua-language-server/meta/Lua%205.4%20en-us%20utf8/debug.lua , size = 7.637 KB
[18:09:00.346][info] [#0:script\workspace\loading.lua:112]: ++++As library of:	file:///c%3A/Users/ven/AppData/Local/nvim/mason-tools/packages/lua-language-server/meta/Lua%205.4%20en-us%20utf8/debug.lua
[18:09:00.346][info] [#0:script\workspace\loading.lua:97]: Skip loaded file: file:///c%3A/Users/ven/AppData/Local/nvim/mason-tools/packages/lua-language-server/meta/Lua%205.4%20en-us%20utf8/debug.lua
[18:09:00.346][info] [#0:script\workspace\loading.lua:100]: Preload file at: file:///c%3A/Users/ven/AppData/Local/nvim/mason-tools/packages/lua-language-server/meta/Lua%205.4%20en-us%20utf8/table.lua , size = 4.445 KB
[18:09:00.356][info] [#0:script\workspace\loading.lua:112]: ++++As library of:	file:///c%3A/Users/ven/AppData/Local/nvim/mason-tools/packages/lua-language-server/meta/Lua%205.4%20en-us%20utf8/table.lua
[18:09:00.356][info] [#0:script\workspace\loading.lua:97]: Skip loaded file: file:///c%3A/Users/ven/AppData/Local/nvim/mason-tools/packages/lua-language-server/meta/Lua%205.4%20en-us%20utf8/table.lua
[18:09:00.356][info] [#0:script\workspace\loading.lua:100]: Preload file at: file:///c%3A/Users/ven/AppData/Local/nvim/mason-tools/packages/lua-language-server/meta/Lua%205.4%20en-us%20utf8/math.lua , size = 8.542 KB
[18:09:00.372][info] [#0:script\workspace\loading.lua:112]: ++++As library of:	file:///c%3A/Users/ven/AppData/Local/nvim/mason-tools/packages/lua-language-server/meta/Lua%205.4%20en-us%20utf8/math.lua
[18:09:00.372][info] [#0:script\workspace\loading.lua:97]: Skip loaded file: file:///c%3A/Users/ven/AppData/Local/nvim/mason-tools/packages/lua-language-server/meta/Lua%205.4%20en-us%20utf8/math.lua
[18:09:00.373][info] [#0:script\workspace\loading.lua:100]: Preload file at: file:///c%3A/Users/ven/AppData/Local/nvim/mason-tools/packages/lua-language-server/meta/Lua%205.4%20en-us%20utf8/coroutine.lua , size = 2.590 KB
[18:09:00.377][info] [#0:script\workspace\loading.lua:112]: ++++As library of:	file:///c%3A/Users/ven/AppData/Local/nvim/mason-tools/packages/lua-language-server/meta/Lua%205.4%20en-us%20utf8/coroutine.lua
[18:09:00.377][info] [#0:script\workspace\loading.lua:100]: Preload file at: file:///c%3A/Users/ven/AppData/Local/nvim/mason-tools/packages/lua-language-server/meta/Lua%205.4%20en-us%20utf8/string.lua , size = 5.234 KB
[18:09:00.393][info] [#0:script\workspace\loading.lua:112]: ++++As library of:	file:///c%3A/Users/ven/AppData/Local/nvim/mason-tools/packages/lua-language-server/meta/Lua%205.4%20en-us%20utf8/string.lua
[18:09:00.393][info] [#0:script\workspace\loading.lua:97]: Skip loaded file: file:///c%3A/Users/ven/AppData/Local/nvim/mason-tools/packages/lua-language-server/meta/Lua%205.4%20en-us%20utf8/coroutine.lua
[18:09:00.393][info] [#0:script\workspace\loading.lua:97]: Skip loaded file: file:///c%3A/Users/ven/AppData/Local/nvim/mason-tools/packages/lua-language-server/meta/Lua%205.4%20en-us%20utf8/string.lua
[18:09:00.393][info] [#0:script\workspace\loading.lua:100]: Preload file at: file:///c%3A/Users/ven/AppData/Local/nvim/mason-tools/packages/lua-language-server/meta/Lua%205.4%20en-us%20utf8/utf8.lua , size = 2.386 KB
[18:09:00.398][info] [#0:script\workspace\loading.lua:112]: ++++As library of:	file:///c%3A/Users/ven/AppData/Local/nvim/mason-tools/packages/lua-language-server/meta/Lua%205.4%20en-us%20utf8/utf8.lua
[18:09:00.398][info] [#0:script\workspace\loading.lua:97]: Skip loaded file: file:///c%3A/Users/ven/AppData/Local/nvim/mason-tools/packages/lua-language-server/meta/Lua%205.4%20en-us%20utf8/utf8.lua
[18:09:00.398][info] [#0:script\workspace\loading.lua:100]: Preload file at: file:///c%3A/Users/ven/AppData/Local/nvim/mason-tools/packages/lua-language-server/meta/Lua%205.4%20en-us%20utf8/io.lua , size = 6.364 KB
[18:09:00.409][info] [#0:script\workspace\loading.lua:112]: ++++As library of:	file:///c%3A/Users/ven/AppData/Local/nvim/mason-tools/packages/lua-language-server/meta/Lua%205.4%20en-us%20utf8/io.lua
[18:09:00.409][info] [#0:script\workspace\loading.lua:97]: Skip loaded file: file:///c%3A/Users/ven/AppData/Local/nvim/mason-tools/packages/lua-language-server/meta/Lua%205.4%20en-us%20utf8/io.lua
[18:09:00.409][info] [#0:script\workspace\loading.lua:100]: Preload file at: file:///c%3A/Users/ven/AppData/Local/nvim/mason-tools/packages/lua-language-server/meta/Lua%205.4%20en-us%20utf8/builtin.lua , size = 0.302 KB
[18:09:00.411][info] [#0:script\workspace\loading.lua:112]: ++++As library of:	file:///c%3A/Users/ven/AppData/Local/nvim/mason-tools/packages/lua-language-server/meta/Lua%205.4%20en-us%20utf8/builtin.lua
[18:09:00.411][info] [#0:script\workspace\loading.lua:97]: Skip loaded file: file:///c%3A/Users/ven/AppData/Local/nvim/mason-tools/packages/lua-language-server/meta/Lua%205.4%20en-us%20utf8/builtin.lua
[18:09:00.411][info] [#0:script\workspace\loading.lua:100]: Preload file at: file:///c%3A/Users/ven/AppData/Local/nvim/mason-tools/packages/lua-language-server/meta/Lua%205.4%20en-us%20utf8/basic.lua , size = 15.841 KB
[18:09:00.429][info] [#0:script\workspace\loading.lua:112]: ++++As library of:	file:///c%3A/Users/ven/AppData/Local/nvim/mason-tools/packages/lua-language-server/meta/Lua%205.4%20en-us%20utf8/basic.lua
[18:09:00.429][info] [#0:script\workspace\loading.lua:97]: Skip loaded file: file:///c%3A/Users/ven/AppData/Local/nvim/mason-tools/packages/lua-language-server/meta/Lua%205.4%20en-us%20utf8/basic.lua
[18:09:00.429][info] [#0:script\workspace\loading.lua:100]: Preload file at: file:///c%3A/Users/ven/AppData/Local/nvim/mason-tools/packages/lua-language-server/meta/Lua%205.4%20en-us%20utf8/package.lua , size = 2.944 KB
[18:09:00.435][info] [#0:script\workspace\loading.lua:112]: ++++As library of:	file:///c%3A/Users/ven/AppData/Local/nvim/mason-tools/packages/lua-language-server/meta/Lua%205.4%20en-us%20utf8/package.lua
[18:09:00.435][info] [#0:script\workspace\loading.lua:97]: Skip loaded file: file:///c%3A/Users/ven/AppData/Local/nvim/mason-tools/packages/lua-language-server/meta/Lua%205.4%20en-us%20utf8/package.lua
[18:09:00.435][info] [#0:script\workspace\loading.lua:100]: Preload file at: file:///c%3A/Users/ven/AppData/Local/nvim/mason-tools/packages/lua-language-server/meta/Lua%205.4%20en-us%20utf8/os.lua , size = 5.611 KB
[18:09:00.439][info] [#0:script\workspace\loading.lua:112]: ++++As library of:	file:///c%3A/Users/ven/AppData/Local/nvim/mason-tools/packages/lua-language-server/meta/Lua%205.4%20en-us%20utf8/os.lua
[18:09:00.439][info] [#0:script\workspace\loading.lua:97]: Skip loaded file: file:///c%3A/Users/ven/AppData/Local/nvim/mason-tools/packages/lua-language-server/meta/Lua%205.4%20en-us%20utf8/os.lua
[18:09:00.439][info] [#0:script\workspace\loading.lua:100]: Preload file at: file:///c%3A/Users/ven/AppData/Local/nvim/lua/bendyl/plugins/autopairs.lua , size = 0.769 KB
[18:09:00.440][info] [#0:script\workspace\loading.lua:100]: Preload file at: file:///c%3A/Users/ven/AppData/Local/nvim/lua/bendyl/plugins/colortheme.lua , size = 0.147 KB
[18:09:00.440][info] [#0:script\workspace\loading.lua:100]: Preload file at: file:///c%3A/Users/ven/AppData/Local/nvim/lua/bendyl/plugins/init.lua , size = 0.929 KB
[18:09:00.441][info] [#0:script\workspace\loading.lua:100]: Preload file at: file:///c%3A/Users/ven/AppData/Local/nvim/lua/bendyl/plugins/mason-java.lua , size = 3.238 KB
[18:09:00.444][info] [#0:script\workspace\loading.lua:100]: Preload file at: file:///c%3A/Users/ven/AppData/Local/nvim/lua/bendyl/plugins/mason.lua , size = 1.857 KB
[18:09:00.445][info] [#0:script\workspace\loading.lua:100]: Preload file at: file:///c%3A/Users/ven/AppData/Local/nvim/lua/bendyl/plugins/telescope.lua , size = 0.168 KB
[18:09:00.446][info] [#0:script\workspace\loading.lua:100]: Preload file at: file:///c%3A/Users/ven/AppData/Local/nvim/lua/bendyl/plugins/treesitter.lua , size = 0.464 KB
[18:09:00.559][info] [#0:script\workspace\loading.lua:172]: Loaded files takes [0.349] sec: <fallback>
[18:09:00.560][info] [#0:script\workspace\loading.lua:181]: Compile files takes [0.000] sec: <fallback>
[18:09:00.560][info] [#0:script\workspace\loading.lua:182]: Loaded finish:	<fallback>
[18:09:00.560][info] [#0:script\workspace\workspace.lua:387]: Preload finish at:	<fallback>
[18:09:00.566][info] [#0:script\workspace\loading.lua:172]: Loaded files takes [0.355] sec: file:///c%3A/Users/ven/AppData/Local/nvim/lua/bendyl/plugins
[18:09:00.567][info] [#0:script\workspace\loading.lua:181]: Compile files takes [0.000] sec: file:///c%3A/Users/ven/AppData/Local/nvim/lua/bendyl/plugins
[18:09:00.567][info] [#0:script\workspace\loading.lua:182]: Loaded finish:	file:///c%3A/Users/ven/AppData/Local/nvim/lua/bendyl/plugins
[18:09:00.567][info] [#0:script\workspace\workspace.lua:387]: Preload finish at:	file:///c%3A/Users/ven/AppData/Local/nvim/lua/bendyl/plugins
[18:09:00.577][warn] [#0:script\proto\proto.lua:189]: Method [textDocument/didOpen] takes [0.722]sec. {
  jsonrpc = "2.0",
  method = "textDocument/didOpen",
  params = {
    textDocument = {
      languageId = "lua",
      text = '"***"',
      uri = "file:///C:/Users/ven/AppData/Local/nvim/lua/bendyl/plugins/nvim-lspconfig.lua",
      version = 0
    }
  }
}
[18:09:00.584][info] [#0:script\provider\diagnostic.lua:560]: Diagnostics scope [file:///c%3A/Users/ven/AppData/Local/nvim/lua/bendyl/plugins], files count:[19]
[18:09:00.602][warn] [#0:script\proto\proto.lua:189]: Method [textDocument/semanticTokens/full] takes [0.521]sec. {
  id = 6,
  jsonrpc = "2.0",
  method = "textDocument/semanticTokens/full",
  params = {
    textDocument = {
      uri = "file:///C:/Users/ven/AppData/Local/nvim/lua/bendyl/plugins/nvim-lspconfig.lua"
    }
  }
}
[18:09:00.657][info] [#0:script\provider\diagnostic.lua:577]: Diagnostics scope [file:///c%3A/Users/ven/AppData/Local/nvim/lua/bendyl/plugins] finished, takes [0.074] sec.
[18:09:12.672][info] [#0:script\workspace\workspace.lua:290]: Scan files at:	file:///c%3A/Users/ven/AppData/Local/nvim/lua/bendyl/plugins/nvim-lspconfig.lua
[18:09:12.673][info] [#0:script\workspace\loading.lua:160]: Load files from disk:	file:///c%3A/Users/ven/AppData/Local/nvim/lua/bendyl/plugins/nvim-lspconfig.lua
[18:09:12.673][info] [#0:script\workspace\loading.lua:88]: Skip loaded file: file:///c%3A/Users/ven/AppData/Local/nvim/lua/bendyl/plugins/nvim-lspconfig.lua
[18:09:12.673][info] [#0:script\workspace\loading.lua:172]: Loaded files takes [0.000] sec: file:///c%3A/Users/ven/AppData/Local/nvim/lua/bendyl/plugins/nvim-lspconfig.lua
[18:09:12.673][info] [#0:script\workspace\loading.lua:181]: Compile files takes [0.000] sec: file:///c%3A/Users/ven/AppData/Local/nvim/lua/bendyl/plugins/nvim-lspconfig.lua
[18:09:12.673][info] [#0:script\workspace\loading.lua:182]: Loaded finish:	file:///c%3A/Users/ven/AppData/Local/nvim/lua/bendyl/plugins/nvim-lspconfig.lua
[18:09:12.901][warn] [#0:script\pub\report.lua:24]: Load proto error:	Disconnected!
